-------------------------------------------------------------------------------
Test set: KarateTest
-------------------------------------------------------------------------------
Tests run: 203, Failures: 1, Errors: 0, Skipped: 0, Time elapsed: 18.95 s <<< FAILURE! - in KarateTest
testall[1][8]  Time elapsed: 0.129 s  <<< FAILURE!
org.opentest4j.AssertionFailedError: 
js failed:
>>>>
01: convertedDate.dateConvert(response_data)
<<<<
org.graalvm.polyglot.PolyglotException: TypeError: Cannot read property "length" from undefined
- <js>.:anonymous(Unnamed:2)

classpath:Karate/Features/Vehicle/GET_MapVehicleDetails.feature:28

