<?xml version="1.0" encoding="UTF-8"?>
<testsuite xmlns:xsi="http://www.w3.org/2001/XMLSchema-instance" xsi:noNamespaceSchemaLocation="https://maven.apache.org/surefire/maven-surefire-plugin/xsd/surefire-test-report.xsd" name="KarateTest" time="18.95" tests="203" errors="0" skipped="0" failures="1">
  <properties>
[...]
</properties>
  <testcase name="testall[1][1]" classname="KarateTest" time="0.171"/>
  <testcase name="testall[1][2]" classname="KarateTest" time="0.132"/>
  <testcase name="testall[1][3]" classname="KarateTest" time="0.125"/>
  <testcase name="testall[1][4]" classname="KarateTest" time="0.121"/>
  <testcase name="testall[1][5]" classname="KarateTest" time="0.124"/>
  <testcase name="testall[1][6]" classname="KarateTest" time="0.124"/>
  <testcase name="testall[1][7]" classname="KarateTest" time="0.119"/>
  <testcase name="testall[1][8]" classname="KarateTest" time="0.129">
    <failure message="js failed:&#10;&gt;&gt;&gt;&gt;&#10;01: convertedDate.dateConvert(response_data)&#10;&lt;&lt;&lt;&lt;&#10;org.graalvm.polyglot.PolyglotException: TypeError: Cannot read property &quot;length&quot; from undefined&#10;- &lt;js&gt;.:anonymous(Unnamed:2)&#10;&#10;classpath:Karate/Features/Vehicle/GET_MapVehicleDetails.feature:28" type="org.opentest4j.AssertionFailedError"><![CDATA[org.opentest4j.AssertionFailedError: 
js failed:
>>>>
01: convertedDate.dateConvert(response_data)
<<<<
org.graalvm.polyglot.PolyglotException: TypeError: Cannot read property "length" from undefined
- <js>.:anonymous(Unnamed:2)

classpath:Karate/Features/Vehicle/GET_MapVehicleDetails.feature:28
]]></failure>
    <system-out><![CDATA[12:17:55.196 [main] INFO com.intuit.karate - Environment is:  null 
12:17:55.197 [main] DEBUG org.apache.http.client.protocol.RequestAddCookies - CookieSpec selected: karate
12:17:55.197 [main] DEBUG org.apache.http.client.protocol.RequestAuthCache - Auth cache not set in the context
12:17:55.197 [main] DEBUG com.intuit.karate - request:
1 > GET http://localhost:8500/data/MOOSE368/details
1 > Host: localhost:8500
1 > Connection: Keep-Alive
1 > User-Agent: Apache-HttpClient/4.5.12 (Java/18.0.1)
1 > Accept-Encoding: gzip,deflate


12:17:55.197 [main] DEBUG org.apache.http.impl.conn.PoolingHttpClientConnectionManager - Connection request: [route: {}->http://localhost:8500][total available: 0; route allocated: 0 of 5; total allocated: 0 of 10]
12:17:55.197 [main] DEBUG org.apache.http.impl.conn.PoolingHttpClientConnectionManager - Connection leased: [id: 17][route: {}->http://localhost:8500][total available: 0; route allocated: 1 of 5; total allocated: 1 of 10]
12:17:55.197 [main] DEBUG org.apache.http.impl.execchain.MainClientExec - Opening connection {}->http://localhost:8500
12:17:55.197 [main] DEBUG org.apache.http.impl.conn.DefaultHttpClientConnectionOperator - Connecting to localhost/127.0.0.1:8500
12:17:55.198 [main] DEBUG org.apache.http.impl.conn.DefaultHttpClientConnectionOperator - Connection established 127.0.0.1:65397<->127.0.0.1:8500
12:17:55.198 [main] DEBUG org.apache.http.impl.conn.DefaultManagedHttpClientConnection - http-outgoing-17: set socket timeout to 30000
12:17:55.198 [main] DEBUG org.apache.http.impl.execchain.MainClientExec - Executing request GET /data/MOOSE368/details HTTP/1.1
12:17:55.198 [main] DEBUG org.apache.http.impl.execchain.MainClientExec - Target auth state: UNCHALLENGED
12:17:55.198 [main] DEBUG org.apache.http.impl.execchain.MainClientExec - Proxy auth state: UNCHALLENGED
12:17:55.198 [main] DEBUG org.apache.http.headers - http-outgoing-17 >> GET /data/MOOSE368/details HTTP/1.1
12:17:55.198 [main] DEBUG org.apache.http.headers - http-outgoing-17 >> Host: localhost:8500
12:17:55.198 [main] DEBUG org.apache.http.headers - http-outgoing-17 >> Connection: Keep-Alive
12:17:55.198 [main] DEBUG org.apache.http.headers - http-outgoing-17 >> User-Agent: Apache-HttpClient/4.5.12 (Java/18.0.1)
12:17:55.198 [main] DEBUG org.apache.http.headers - http-outgoing-17 >> Accept-Encoding: gzip,deflate
12:17:55.198 [main] DEBUG org.apache.http.wire - http-outgoing-17 >> "GET /data/MOOSE368/details HTTP/1.1[\r][\n]"
12:17:55.198 [main] DEBUG org.apache.http.wire - http-outgoing-17 >> "Host: localhost:8500[\r][\n]"
12:17:55.198 [main] DEBUG org.apache.http.wire - http-outgoing-17 >> "Connection: Keep-Alive[\r][\n]"
12:17:55.198 [main] DEBUG org.apache.http.wire - http-outgoing-17 >> "User-Agent: Apache-HttpClient/4.5.12 (Java/18.0.1)[\r][\n]"
12:17:55.198 [main] DEBUG org.apache.http.wire - http-outgoing-17 >> "Accept-Encoding: gzip,deflate[\r][\n]"
12:17:55.198 [main] DEBUG org.apache.http.wire - http-outgoing-17 >> "[\r][\n]"
12:17:55.250 [main] DEBUG org.apache.http.wire - http-outgoing-17 << "HTTP/1.1 200 OK[\r][\n]"
12:17:55.250 [main] DEBUG org.apache.http.wire - http-outgoing-17 << "Content-Length: 411[\r][\n]"
12:17:55.250 [main] DEBUG org.apache.http.wire - http-outgoing-17 << "Content-Type: application/json; charset=utf-8[\r][\n]"
12:17:55.250 [main] DEBUG org.apache.http.wire - http-outgoing-17 << "Date: 2022-06-28T02:17:55Z[\r][\n]"
12:17:55.250 [main] DEBUG org.apache.http.wire - http-outgoing-17 << "[\r][\n]"
12:17:55.250 [main] DEBUG org.apache.http.wire - http-outgoing-17 << "{"year":"2001","make":"PETERBILT","model":"385","transmission":"Auto","odometer":"236212","rego":"MOOSE368","state":"North Carolina","addressModel":[{"addressType":"Postal","address1":"8304 Jenkins Trail","address2":"","state":"Vermont","postcode":"78572-5250","country":"USA"},{"addressType":"Residential","address1":"3345 Herman Trail","address2":"","state":"Alaska","postcode":"89981-0486","country":"USA"}]}"
12:17:55.250 [main] DEBUG org.apache.http.headers - http-outgoing-17 << HTTP/1.1 200 OK
12:17:55.250 [main] DEBUG org.apache.http.headers - http-outgoing-17 << Content-Length: 411
12:17:55.250 [main] DEBUG org.apache.http.headers - http-outgoing-17 << Content-Type: application/json; charset=utf-8
12:17:55.250 [main] DEBUG org.apache.http.headers - http-outgoing-17 << Date: 2022-06-28T02:17:55Z
12:17:55.250 [main] DEBUG org.apache.http.impl.execchain.MainClientExec - Connection can be kept alive indefinitely
12:17:55.250 [main] DEBUG org.apache.http.impl.conn.PoolingHttpClientConnectionManager - Connection [id: 17][route: {}->http://localhost:8500] can be kept alive indefinitely
12:17:55.250 [main] DEBUG org.apache.http.impl.conn.DefaultManagedHttpClientConnection - http-outgoing-17: set socket timeout to 0
12:17:55.250 [main] DEBUG org.apache.http.impl.conn.PoolingHttpClientConnectionManager - Connection released: [id: 17][route: {}->http://localhost:8500][total available: 1; route allocated: 1 of 5; total allocated: 1 of 10]
12:17:55.250 [main] DEBUG com.intuit.karate - response time in milliseconds: 53
1 < 200
1 < Content-Length: 411
1 < Content-Type: application/json; charset=utf-8
1 < Date: 2022-06-28T02:17:55Z
{"year":"2001","make":"PETERBILT","model":"385","transmission":"Auto","odometer":"236212","rego":"MOOSE368","state":"North Carolina","addressModel":[{"addressType":"Postal","address1":"8304 Jenkins Trail","address2":"","state":"Vermont","postcode":"78572-5250","country":"USA"},{"addressType":"Residential","address1":"3345 Herman Trail","address2":"","state":"Alaska","postcode":"89981-0486","country":"USA"}]}

12:17:55.251 [main] DEBUG com.jayway.jsonpath.internal.path.CompiledPath - Evaluating path: $['owner'][*]['dob']
12:17:55.252 [main] DEBUG org.apache.http.client.protocol.RequestAddCookies - CookieSpec selected: karate
12:17:55.252 [main] DEBUG org.apache.http.client.protocol.RequestAuthCache - Auth cache not set in the context
12:17:55.252 [main] DEBUG com.intuit.karate - request:
2 > GET http://localhost:8500/vehicle/MOOSE368/details
2 > Host: localhost:8500
2 > Connection: Keep-Alive
2 > User-Agent: Apache-HttpClient/4.5.12 (Java/18.0.1)
2 > Accept-Encoding: gzip,deflate


12:17:55.252 [main] DEBUG org.apache.http.impl.conn.PoolingHttpClientConnectionManager - Connection request: [route: {}->http://localhost:8500][total available: 0; route allocated: 0 of 5; total allocated: 0 of 10]
12:17:55.252 [main] DEBUG org.apache.http.impl.conn.PoolingHttpClientConnectionManager - Connection leased: [id: 18][route: {}->http://localhost:8500][total available: 0; route allocated: 1 of 5; total allocated: 1 of 10]
12:17:55.252 [main] DEBUG org.apache.http.impl.execchain.MainClientExec - Opening connection {}->http://localhost:8500
12:17:55.252 [main] DEBUG org.apache.http.impl.conn.DefaultHttpClientConnectionOperator - Connecting to localhost/127.0.0.1:8500
12:17:55.252 [main] DEBUG org.apache.http.impl.conn.DefaultHttpClientConnectionOperator - Connection established 127.0.0.1:65398<->127.0.0.1:8500
12:17:55.252 [main] DEBUG org.apache.http.impl.conn.DefaultManagedHttpClientConnection - http-outgoing-18: set socket timeout to 30000
12:17:55.252 [main] DEBUG org.apache.http.impl.execchain.MainClientExec - Executing request GET /vehicle/MOOSE368/details HTTP/1.1
12:17:55.252 [main] DEBUG org.apache.http.impl.execchain.MainClientExec - Target auth state: UNCHALLENGED
12:17:55.252 [main] DEBUG org.apache.http.impl.execchain.MainClientExec - Proxy auth state: UNCHALLENGED
12:17:55.253 [main] DEBUG org.apache.http.headers - http-outgoing-18 >> GET /vehicle/MOOSE368/details HTTP/1.1
12:17:55.253 [main] DEBUG org.apache.http.headers - http-outgoing-18 >> Host: localhost:8500
12:17:55.253 [main] DEBUG org.apache.http.headers - http-outgoing-18 >> Connection: Keep-Alive
12:17:55.253 [main] DEBUG org.apache.http.headers - http-outgoing-18 >> User-Agent: Apache-HttpClient/4.5.12 (Java/18.0.1)
12:17:55.253 [main] DEBUG org.apache.http.headers - http-outgoing-18 >> Accept-Encoding: gzip,deflate
12:17:55.253 [main] DEBUG org.apache.http.wire - http-outgoing-18 >> "GET /vehicle/MOOSE368/details HTTP/1.1[\r][\n]"
12:17:55.253 [main] DEBUG org.apache.http.wire - http-outgoing-18 >> "Host: localhost:8500[\r][\n]"
12:17:55.253 [main] DEBUG org.apache.http.wire - http-outgoing-18 >> "Connection: Keep-Alive[\r][\n]"
12:17:55.253 [main] DEBUG org.apache.http.wire - http-outgoing-18 >> "User-Agent: Apache-HttpClient/4.5.12 (Java/18.0.1)[\r][\n]"
12:17:55.253 [main] DEBUG org.apache.http.wire - http-outgoing-18 >> "Accept-Encoding: gzip,deflate[\r][\n]"
12:17:55.253 [main] DEBUG org.apache.http.wire - http-outgoing-18 >> "[\r][\n]"
12:17:55.303 [main] DEBUG org.apache.http.wire - http-outgoing-18 << "HTTP/1.1 200 OK[\r][\n]"
12:17:55.303 [main] DEBUG org.apache.http.wire - http-outgoing-18 << "Content-Length: 489[\r][\n]"
12:17:55.303 [main] DEBUG org.apache.http.wire - http-outgoing-18 << "Content-Type: application/json; charset=utf-8[\r][\n]"
12:17:55.303 [main] DEBUG org.apache.http.wire - http-outgoing-18 << "Date: 2022-06-28T02:17:55Z[\r][\n]"
12:17:55.303 [main] DEBUG org.apache.http.wire - http-outgoing-18 << "[\r][\n]"
12:17:55.303 [main] DEBUG org.apache.http.wire - http-outgoing-18 << "{"message":"ok","data":{"vehicle":{"year":"2001","make":"PETERBILT","model":"385","transmission":"Auto","odometer":"236212"},"registration":{"registrationNumber":"MOOSE368","state":"North Carolina","address":[{"addressType":"Postal","addressLine1":"8304 Jenkins Trail","addressLine2":"","postcode":"78572-5250","state":"Vermont","country":"USA"},{"addressType":"Residential","addressLine1":"3345 Herman Trail","addressLine2":"","postcode":"89981-0486","state":"Alaska","country":"USA"}]}}}"
12:17:55.303 [main] DEBUG org.apache.http.headers - http-outgoing-18 << HTTP/1.1 200 OK
12:17:55.303 [main] DEBUG org.apache.http.headers - http-outgoing-18 << Content-Length: 489
12:17:55.303 [main] DEBUG org.apache.http.headers - http-outgoing-18 << Content-Type: application/json; charset=utf-8
12:17:55.303 [main] DEBUG org.apache.http.headers - http-outgoing-18 << Date: 2022-06-28T02:17:55Z
12:17:55.303 [main] DEBUG org.apache.http.impl.execchain.MainClientExec - Connection can be kept alive indefinitely
12:17:55.303 [main] DEBUG org.apache.http.impl.conn.PoolingHttpClientConnectionManager - Connection [id: 18][route: {}->http://localhost:8500] can be kept alive indefinitely
12:17:55.303 [main] DEBUG org.apache.http.impl.conn.DefaultManagedHttpClientConnection - http-outgoing-18: set socket timeout to 0
12:17:55.303 [main] DEBUG org.apache.http.impl.conn.PoolingHttpClientConnectionManager - Connection released: [id: 18][route: {}->http://localhost:8500][total available: 1; route allocated: 1 of 5; total allocated: 1 of 10]
12:17:55.303 [main] DEBUG com.intuit.karate - response time in milliseconds: 51
2 < 200
2 < Content-Length: 489
2 < Content-Type: application/json; charset=utf-8
2 < Date: 2022-06-28T02:17:55Z
{"message":"ok","data":{"vehicle":{"year":"2001","make":"PETERBILT","model":"385","transmission":"Auto","odometer":"236212"},"registration":{"registrationNumber":"MOOSE368","state":"North Carolina","address":[{"addressType":"Postal","addressLine1":"8304 Jenkins Trail","addressLine2":"","postcode":"78572-5250","state":"Vermont","country":"USA"},{"addressType":"Residential","addressLine1":"3345 Herman Trail","addressLine2":"","postcode":"89981-0486","state":"Alaska","country":"USA"}]}}}

12:17:55.316 [main] ERROR com.intuit.karate - classpath:Karate/Features/Vehicle/GET_MapVehicleDetails.feature:28
* def responseDoB = convertedDate.dateConvert(response_data)
js failed:
>>>>
01: convertedDate.dateConvert(response_data)
<<<<
org.graalvm.polyglot.PolyglotException: TypeError: Cannot read property "length" from undefined
- <js>.:anonymous(Unnamed:2)

classpath:Karate/Features/Vehicle/GET_MapVehicleDetails.feature:28
]]></system-out>
  </testcase>
  <testcase name="testall[1][9]" classname="KarateTest" time="0.118"/>
  <testcase name="testall[1][10]" classname="KarateTest" time="0.124"/>
  <testcase name="testall[1][11]" classname="KarateTest" time="0.117"/>
  <testcase name="testall[1][12]" classname="KarateTest" time="0.117"/>
  <testcase name="testall[1][13]" classname="KarateTest" time="0.116"/>
  <testcase name="testall[1][14]" classname="KarateTest" time="0.116"/>
  <testcase name="testall[1][15]" classname="KarateTest" time="0.12"/>
  <testcase name="testall[1][16]" classname="KarateTest" time="0.117"/>
  <testcase name="testall[1][17]" classname="KarateTest" time="0.116"/>
  <testcase name="testall[1][18]" classname="KarateTest" time="0.116"/>
  <testcase name="testall[1][19]" classname="KarateTest" time="0.115"/>
  <testcase name="testall[1][20]" classname="KarateTest" time="0.116"/>
  <testcase name="testall[1][21]" classname="KarateTest" time="0.116"/>
  <testcase name="testall[1][22]" classname="KarateTest" time="0.117"/>
  <testcase name="testall[1][23]" classname="KarateTest" time="0.114"/>
  <testcase name="testall[1][24]" classname="KarateTest" time="0.137"/>
  <testcase name="testall[1][25]" classname="KarateTest" time="0.161"/>
  <testcase name="testall[1][26]" classname="KarateTest" time="0.119"/>
  <testcase name="testall[1][27]" classname="KarateTest" time="0.115"/>
  <testcase name="testall[1][28]" classname="KarateTest" time="0.113"/>
  <testcase name="testall[1][29]" classname="KarateTest" time="0.115"/>
  <testcase name="testall[1][30]" classname="KarateTest" time="0.114"/>
  <testcase name="testall[1][31]" classname="KarateTest" time="0.112"/>
  <testcase name="testall[1][32]" classname="KarateTest" time="0.115"/>
  <testcase name="testall[1][33]" classname="KarateTest" time="0.116"/>
  <testcase name="testall[1][34]" classname="KarateTest" time="0.127"/>
  <testcase name="testall[1][35]" classname="KarateTest" time="0.118"/>
  <testcase name="testall[1][36]" classname="KarateTest" time="0.116"/>
  <testcase name="testall[1][37]" classname="KarateTest" time="0.119"/>
  <testcase name="testall[1][38]" classname="KarateTest" time="0.118"/>
  <testcase name="testall[1][39]" classname="KarateTest" time="0.12"/>
  <testcase name="testall[1][40]" classname="KarateTest" time="0.112"/>
  <testcase name="testall[1][41]" classname="KarateTest" time="0.121"/>
  <testcase name="testall[1][42]" classname="KarateTest" time="0.113"/>
  <testcase name="testall[1][43]" classname="KarateTest" time="0.127"/>
  <testcase name="testall[1][44]" classname="KarateTest" time="0.106"/>
  <testcase name="testall[1][45]" classname="KarateTest" time="0.116"/>
  <testcase name="testall[1][46]" classname="KarateTest" time="0.112"/>
  <testcase name="testall[1][47]" classname="KarateTest" time="0.112"/>
  <testcase name="testall[1][48]" classname="KarateTest" time="0.12"/>
  <testcase name="testall[1][49]" classname="KarateTest" time="0.124"/>
  <testcase name="testall[1][50]" classname="KarateTest" time="1.873"/>
  <testcase name="testall[2][1]" classname="KarateTest" time="0.061"/>
  <testcase name="testall[2][2]" classname="KarateTest" time="0.058"/>
  <testcase name="testall[2][3]" classname="KarateTest" time="0.056"/>
  <testcase name="testall[2][4]" classname="KarateTest" time="0.055"/>
  <testcase name="testall[2][5]" classname="KarateTest" time="0.058"/>
  <testcase name="testall[2][6]" classname="KarateTest" time="0.058"/>
  <testcase name="testall[2][7]" classname="KarateTest" time="0.06"/>
  <testcase name="testall[2][8]" classname="KarateTest" time="0.057"/>
  <testcase name="testall[2][9]" classname="KarateTest" time="0.054"/>
  <testcase name="testall[2][10]" classname="KarateTest" time="0.056"/>
  <testcase name="testall[2][11]" classname="KarateTest" time="0.054"/>
  <testcase name="testall[2][12]" classname="KarateTest" time="0.054"/>
  <testcase name="testall[2][13]" classname="KarateTest" time="0.055"/>
  <testcase name="testall[2][14]" classname="KarateTest" time="0.056"/>
  <testcase name="testall[2][15]" classname="KarateTest" time="0.055"/>
  <testcase name="testall[2][16]" classname="KarateTest" time="0.065"/>
  <testcase name="testall[2][17]" classname="KarateTest" time="0.077"/>
  <testcase name="testall[2][18]" classname="KarateTest" time="0.069"/>
  <testcase name="testall[2][19]" classname="KarateTest" time="0.097"/>
  <testcase name="testall[2][20]" classname="KarateTest" time="0.071"/>
  <testcase name="testall[2][21]" classname="KarateTest" time="0.065"/>
  <testcase name="testall[2][22]" classname="KarateTest" time="0.055"/>
  <testcase name="testall[2][23]" classname="KarateTest" time="0.056"/>
  <testcase name="testall[2][24]" classname="KarateTest" time="0.057"/>
  <testcase name="testall[2][25]" classname="KarateTest" time="0.062"/>
  <testcase name="testall[2][26]" classname="KarateTest" time="0.057"/>
  <testcase name="testall[2][27]" classname="KarateTest" time="0.061"/>
  <testcase name="testall[2][28]" classname="KarateTest" time="0.056"/>
  <testcase name="testall[2][29]" classname="KarateTest" time="0.058"/>
  <testcase name="testall[2][30]" classname="KarateTest" time="0.055"/>
  <testcase name="testall[2][31]" classname="KarateTest" time="0.054"/>
  <testcase name="testall[2][32]" classname="KarateTest" time="0.055"/>
  <testcase name="testall[2][33]" classname="KarateTest" time="0.055"/>
  <testcase name="testall[2][34]" classname="KarateTest" time="0.056"/>
  <testcase name="testall[2][35]" classname="KarateTest" time="0.055"/>
  <testcase name="testall[2][36]" classname="KarateTest" time="0.055"/>
  <testcase name="testall[2][37]" classname="KarateTest" time="0.056"/>
  <testcase name="testall[2][38]" classname="KarateTest" time="0.055"/>
  <testcase name="testall[2][39]" classname="KarateTest" time="0.056"/>
  <testcase name="testall[2][40]" classname="KarateTest" time="0.056"/>
  <testcase name="testall[2][41]" classname="KarateTest" time="0.056"/>
  <testcase name="testall[2][42]" classname="KarateTest" time="0.055"/>
  <testcase name="testall[2][43]" classname="KarateTest" time="0.055"/>
  <testcase name="testall[2][44]" classname="KarateTest" time="0.055"/>
  <testcase name="testall[2][45]" classname="KarateTest" time="0.054"/>
  <testcase name="testall[2][46]" classname="KarateTest" time="0.055"/>
  <testcase name="testall[2][47]" classname="KarateTest" time="0.057"/>
  <testcase name="testall[2][48]" classname="KarateTest" time="0.06"/>
  <testcase name="testall[2][49]" classname="KarateTest" time="0.059"/>
  <testcase name="testall[2][50]" classname="KarateTest" time="0.115"/>
  <testcase name="testall[2][51]" classname="KarateTest" time="0.056"/>
  <testcase name="testall[2][52]" classname="KarateTest" time="0.054"/>
  <testcase name="testall[2][53]" classname="KarateTest" time="0.055"/>
  <testcase name="testall[2][54]" classname="KarateTest" time="0.059"/>
  <testcase name="testall[2][55]" classname="KarateTest" time="0.057"/>
  <testcase name="testall[2][56]" classname="KarateTest" time="0.058"/>
  <testcase name="testall[2][57]" classname="KarateTest" time="0.057"/>
  <testcase name="testall[2][58]" classname="KarateTest" time="0.058"/>
  <testcase name="testall[2][59]" classname="KarateTest" time="0.054"/>
  <testcase name="testall[2][60]" classname="KarateTest" time="0.054"/>
  <testcase name="testall[2][61]" classname="KarateTest" time="0.054"/>
  <testcase name="testall[2][62]" classname="KarateTest" time="0.055"/>
  <testcase name="testall[2][63]" classname="KarateTest" time="0.057"/>
  <testcase name="testall[2][64]" classname="KarateTest" time="0.054"/>
  <testcase name="testall[2][65]" classname="KarateTest" time="0.053"/>
  <testcase name="testall[2][66]" classname="KarateTest" time="0.054"/>
  <testcase name="testall[2][67]" classname="KarateTest" time="0.054"/>
  <testcase name="testall[2][68]" classname="KarateTest" time="0.054"/>
  <testcase name="testall[2][69]" classname="KarateTest" time="0.053"/>
  <testcase name="testall[2][70]" classname="KarateTest" time="0.054"/>
  <testcase name="testall[2][71]" classname="KarateTest" time="0.054"/>
  <testcase name="testall[2][72]" classname="KarateTest" time="0.055"/>
  <testcase name="testall[2][73]" classname="KarateTest" time="0.053"/>
  <testcase name="testall[2][74]" classname="KarateTest" time="0.053"/>
  <testcase name="testall[2][75]" classname="KarateTest" time="0.054"/>
  <testcase name="testall[2][76]" classname="KarateTest" time="0.054"/>
  <testcase name="testall[2][77]" classname="KarateTest" time="0.054"/>
  <testcase name="testall[2][78]" classname="KarateTest" time="0.056"/>
  <testcase name="testall[2][79]" classname="KarateTest" time="0.056"/>
  <testcase name="testall[2][80]" classname="KarateTest" time="0.054"/>
  <testcase name="testall[2][81]" classname="KarateTest" time="0.056"/>
  <testcase name="testall[2][82]" classname="KarateTest" time="0.054"/>
  <testcase name="testall[2][83]" classname="KarateTest" time="0.055"/>
  <testcase name="testall[2][84]" classname="KarateTest" time="0.053"/>
  <testcase name="testall[2][85]" classname="KarateTest" time="0.056"/>
  <testcase name="testall[2][86]" classname="KarateTest" time="0.054"/>
  <testcase name="testall[2][87]" classname="KarateTest" time="0.056"/>
  <testcase name="testall[2][88]" classname="KarateTest" time="0.055"/>
  <testcase name="testall[2][89]" classname="KarateTest" time="0.053"/>
  <testcase name="testall[2][90]" classname="KarateTest" time="0.054"/>
  <testcase name="testall[2][91]" classname="KarateTest" time="0.057"/>
  <testcase name="testall[2][92]" classname="KarateTest" time="0.053"/>
  <testcase name="testall[2][93]" classname="KarateTest" time="0.057"/>
  <testcase name="testall[2][94]" classname="KarateTest" time="0.054"/>
  <testcase name="testall[2][95]" classname="KarateTest" time="0.055"/>
  <testcase name="testall[2][96]" classname="KarateTest" time="0.053"/>
  <testcase name="testall[2][97]" classname="KarateTest" time="0.053"/>
  <testcase name="testall[2][98]" classname="KarateTest" time="0.054"/>
  <testcase name="testall[2][99]" classname="KarateTest" time="0.054"/>
  <testcase name="testall[2][100]" classname="KarateTest" time="0.054"/>
  <testcase name="testall[2][101]" classname="KarateTest" time="0.607"/>
  <testcase name="testall[3][1]" classname="KarateTest" time="0.058"/>
  <testcase name="testall[3][2]" classname="KarateTest" time="0.053"/>
  <testcase name="testall[3][3]" classname="KarateTest" time="0.054"/>
  <testcase name="testall[3][4]" classname="KarateTest" time="0.055"/>
  <testcase name="testall[3][5]" classname="KarateTest" time="0.056"/>
  <testcase name="testall[3][6]" classname="KarateTest" time="0.054"/>
  <testcase name="testall[3][7]" classname="KarateTest" time="0.054"/>
  <testcase name="testall[3][8]" classname="KarateTest" time="0.056"/>
  <testcase name="testall[3][9]" classname="KarateTest" time="0.054"/>
  <testcase name="testall[3][10]" classname="KarateTest" time="0.053"/>
  <testcase name="testall[3][11]" classname="KarateTest" time="0.054"/>
  <testcase name="testall[3][12]" classname="KarateTest" time="0.054"/>
  <testcase name="testall[3][13]" classname="KarateTest" time="0.055"/>
  <testcase name="testall[3][14]" classname="KarateTest" time="0.054"/>
  <testcase name="testall[3][15]" classname="KarateTest" time="0.057"/>
  <testcase name="testall[3][16]" classname="KarateTest" time="0.055"/>
  <testcase name="testall[3][17]" classname="KarateTest" time="0.054"/>
  <testcase name="testall[3][18]" classname="KarateTest" time="0.055"/>
  <testcase name="testall[3][19]" classname="KarateTest" time="0.053"/>
  <testcase name="testall[3][20]" classname="KarateTest" time="0.054"/>
  <testcase name="testall[3][21]" classname="KarateTest" time="0.053"/>
  <testcase name="testall[3][22]" classname="KarateTest" time="0.056"/>
  <testcase name="testall[3][23]" classname="KarateTest" time="0.06"/>
  <testcase name="testall[3][24]" classname="KarateTest" time="0.063"/>
  <testcase name="testall[3][25]" classname="KarateTest" time="0.056"/>
  <testcase name="testall[3][26]" classname="KarateTest" time="0.056"/>
  <testcase name="testall[3][27]" classname="KarateTest" time="0.055"/>
  <testcase name="testall[3][28]" classname="KarateTest" time="0.055"/>
  <testcase name="testall[3][29]" classname="KarateTest" time="0.056"/>
  <testcase name="testall[3][30]" classname="KarateTest" time="0.058"/>
  <testcase name="testall[3][31]" classname="KarateTest" time="0.059"/>
  <testcase name="testall[3][32]" classname="KarateTest" time="0.053"/>
  <testcase name="testall[3][33]" classname="KarateTest" time="0.056"/>
  <testcase name="testall[3][34]" classname="KarateTest" time="0.059"/>
  <testcase name="testall[3][35]" classname="KarateTest" time="0.054"/>
  <testcase name="testall[3][36]" classname="KarateTest" time="0.054"/>
  <testcase name="testall[3][37]" classname="KarateTest" time="0.055"/>
  <testcase name="testall[3][38]" classname="KarateTest" time="0.053"/>
  <testcase name="testall[3][39]" classname="KarateTest" time="0.062"/>
  <testcase name="testall[3][40]" classname="KarateTest" time="0.055"/>
  <testcase name="testall[3][41]" classname="KarateTest" time="0.053"/>
  <testcase name="testall[3][42]" classname="KarateTest" time="0.063"/>
  <testcase name="testall[3][43]" classname="KarateTest" time="0.052"/>
  <testcase name="testall[3][44]" classname="KarateTest" time="0.053"/>
  <testcase name="testall[3][45]" classname="KarateTest" time="0.055"/>
  <testcase name="testall[3][46]" classname="KarateTest" time="0.053"/>
  <testcase name="testall[3][47]" classname="KarateTest" time="0.054"/>
  <testcase name="testall[3][48]" classname="KarateTest" time="0.054"/>
  <testcase name="testall[3][49]" classname="KarateTest" time="0.055"/>
  <testcase name="testall[3][50]" classname="KarateTest" time="0.281"/>
  <testcase name="testall[4][1]" classname="KarateTest" time="0.042"/>
  <testcase name="testall[5][1]" classname="KarateTest" time="0.138"/>
</testsuite>